[    0.000000] Linux version 4.15.0-54-generic (buildd@lgw01-amd64-014) (gcc version 7.4.0 (Ubuntu 7.4.0-1ubuntu1~18.04.1)) #58-Ubuntu SMP Mon Jun 24 10:55:24 UTC 2019 (Ubuntu 4.15.0-54.58-generic 4.15.18)
[    0.000000] Command line: BOOT_IMAGE=/boot/vmlinuz-4.15.0-54-generic root=LABEL=cloudimg-rootfs ro console=tty1 console=ttyS0
[    0.000000] KERNEL supported cpus:
[    0.000000]   Intel GenuineIntel
[    0.000000]   AMD AuthenticAMD
[    0.000000]   Centaur CentaurHauls
[    0.000000] x86/fpu: Supporting XSAVE feature 0x001: 'x87 floating point registers'
[    0.000000] x86/fpu: Supporting XSAVE feature 0x002: 'SSE registers'
[    0.000000] x86/fpu: Supporting XSAVE feature 0x004: 'AVX registers'
[    0.000000] x86/fpu: xstate_offset[2]:  576, xstate_sizes[2]:  256
[    0.000000] x86/fpu: Enabled xstate features 0x7, context size is 832 bytes, using 'standard' format.
[    0.000000] e820: BIOS-provided physical RAM map:
[    0.000000] BIOS-e820: [mem 0x0000000000000000-0x000000000009fbff] usable
[    0.000000] BIOS-e820: [mem 0x000000000009fc00-0x000000000009ffff] reserved
[    0.000000] BIOS-e820: [mem 0x00000000000f0000-0x00000000000fffff] reserved
[    0.000000] BIOS-e820: [mem 0x0000000000100000-0x000000003ffeffff] usable
[    0.000000] BIOS-e820: [mem 0x000000003fff0000-0x000000003fffffff] ACPI data
[    0.000000] BIOS-e820: [mem 0x00000000fec00000-0x00000000fec00fff] reserved
[    0.000000] BIOS-e820: [mem 0x00000000fee00000-0x00000000fee00fff] reserved
[    0.000000] BIOS-e820: [mem 0x00000000fffc0000-0x00000000ffffffff] reserved
[    0.000000] NX (Execute Disable) protection: active
[    0.000000] SMBIOS 2.5 present.
[    0.000000] DMI: innotek GmbH VirtualBox/VirtualBox, BIOS VirtualBox 12/01/2006
[    0.000000] Hypervisor detected: KVM
[    0.000000] e820: last_pfn = 0x3fff0 max_arch_pfn = 0x400000000
[    0.000000] MTRR: Disabled
[    0.000000] x86/PAT: MTRRs disabled, skipping PAT initialization too.
[    0.000000] CPU MTRRs all blank - virtualized system.
[    0.000000] x86/PAT: Configuration [0-7]: WB  WT  UC- UC  WB  WT  UC- UC  
[    0.000000] found SMP MP-table at [mem 0x0009fff0-0x0009ffff] mapped at [        (ptrval)]
[    0.000000] Scanning 1 areas for low memory corruption
[    0.000000] RAMDISK: [mem 0x35a93000-0x36d40fff]
[    0.000000] ACPI: Early table checksum verification disabled
[    0.000000] ACPI: RSDP 0x00000000000E0000 000024 (v02 VBOX  )
[    0.000000] ACPI: XSDT 0x000000003FFF0030 00003C (v01 VBOX   VBOXXSDT 00000001 ASL  00000061)
[    0.000000] ACPI: FACP 0x000000003FFF00F0 0000F4 (v04 VBOX   VBOXFACP 00000001 ASL  00000061)
[    0.000000] ACPI: DSDT 0x000000003FFF0470 0022EA (v02 VBOX   VBOXBIOS 00000002 INTL 20100528)
[    0.000000] ACPI: FACS 0x000000003FFF0200 000040
[    0.000000] ACPI: FACS 0x000000003FFF0200 000040
[    0.000000] ACPI: APIC 0x000000003FFF0240 00005C (v02 VBOX   VBOXAPIC 00000001 ASL  00000061)
[    0.000000] ACPI: SSDT 0x000000003FFF02A0 0001CC (v01 VBOX   VBOXCPUT 00000002 INTL 20100528)
[    0.000000] No NUMA configuration found
[    0.000000] Faking a node at [mem 0x0000000000000000-0x000000003ffeffff]
[    0.000000] NODE_DATA(0) allocated [mem 0x3ffc5000-0x3ffeffff]
[    0.000000] kvm-clock: cpu 0, msr 0:3ff44001, primary cpu clock
[    0.000000] kvm-clock: Using msrs 4b564d01 and 4b564d00
[    0.000000] kvm-clock: using sched offset of 3966425195 cycles
[    0.000000] clocksource: kvm-clock: mask: 0xffffffffffffffff max_cycles: 0x1cd42e4dffb, max_idle_ns: 881590591483 ns
[    0.000000] Zone ranges:
[    0.000000]   DMA      [mem 0x0000000000001000-0x0000000000ffffff]
[    0.000000]   DMA32    [mem 0x0000000001000000-0x000000003ffeffff]
[    0.000000]   Normal   empty
[    0.000000]   Device   empty
[    0.000000] Movable zone start for each node
[    0.000000] Early memory node ranges
[    0.000000]   node   0: [mem 0x0000000000001000-0x000000000009efff]
[    0.000000]   node   0: [mem 0x0000000000100000-0x000000003ffeffff]
[    0.000000] Reserved but unavailable: 114 pages
[    0.000000] Initmem setup node 0 [mem 0x0000000000001000-0x000000003ffeffff]
[    0.000000] ACPI: PM-Timer IO Port: 0x4008
[    0.000000] IOAPIC[0]: apic_id 2, version 32, address 0xfec00000, GSI 0-23
[    0.000000] ACPI: INT_SRC_OVR (bus 0 bus_irq 0 global_irq 2 dfl dfl)
[    0.000000] ACPI: INT_SRC_OVR (bus 0 bus_irq 9 global_irq 9 low level)
[    0.000000] Using ACPI (MADT) for SMP configuration information
[    0.000000] smpboot: Allowing 2 CPUs, 0 hotplug CPUs
[    0.000000] PM: Registered nosave memory: [mem 0x00000000-0x00000fff]
[    0.000000] PM: Registered nosave memory: [mem 0x0009f000-0x0009ffff]
[    0.000000] PM: Registered nosave memory: [mem 0x000a0000-0x000effff]
[    0.000000] PM: Registered nosave memory: [mem 0x000f0000-0x000fffff]
[    0.000000] e820: [mem 0x40000000-0xfebfffff] available for PCI devices
[    0.000000] Booting paravirtualized kernel on KVM
[    0.000000] clocksource: refined-jiffies: mask: 0xffffffff max_cycles: 0xffffffff, max_idle_ns: 7645519600211568 ns
[    0.000000] random: get_random_bytes called from start_kernel+0x99/0x4fd with crng_init=0
[    0.000000] setup_percpu: NR_CPUS:8192 nr_cpumask_bits:2 nr_cpu_ids:2 nr_node_ids:1
[    0.000000] percpu: Embedded 46 pages/cpu @        (ptrval) s151552 r8192 d28672 u1048576
[    0.000000] PV qspinlock hash table entries: 256 (order: 0, 4096 bytes)
[    0.000000] Built 1 zonelists, mobility grouping on.  Total pages: 257913
[    0.000000] Policy zone: DMA32
[    0.000000] Kernel command line: BOOT_IMAGE=/boot/vmlinuz-4.15.0-54-generic root=LABEL=cloudimg-rootfs ro console=tty1 console=ttyS0
[    0.000000] Memory: 983456K/1048120K available (12300K kernel code, 2473K rwdata, 4272K rodata, 2408K init, 2416K bss, 64664K reserved, 0K cma-reserved)
[    0.000000] SLUB: HWalign=64, Order=0-3, MinObjects=0, CPUs=2, Nodes=1
[    0.000000] Kernel/User page tables isolation: enabled
[    0.000000] ftrace: allocating 39216 entries in 154 pages
[    0.004000] Hierarchical RCU implementation.
[    0.004000] 	RCU restricting CPUs from NR_CPUS=8192 to nr_cpu_ids=2.
[    0.004000] 	Tasks RCU enabled.
[    0.004000] RCU: Adjusting geometry for rcu_fanout_leaf=16, nr_cpu_ids=2
[    0.004000] NR_IRQS: 524544, nr_irqs: 440, preallocated irqs: 16
[    0.004000] Console: colour VGA+ 80x25
[    0.004000] console [tty1] enabled
[    0.004000] console [ttyS0] enabled
[    0.004000] ACPI: Core revision 20170831
[    0.004000] ACPI: 2 ACPI AML tables successfully acquired and loaded
[    0.004000] APIC: Switch to symmetric I/O mode setup
[    0.004000] x2apic enabled
[    0.004000] Switched APIC routing to physical x2apic.
[    0.004000] ..TIMER: vector=0x30 apic1=0 pin1=2 apic2=-1 pin2=-1
[    0.004003] tsc: Detected 2304.000 MHz processor
[    0.004923] Calibrating delay loop (skipped) preset value.. 4608.00 BogoMIPS (lpj=9216000)
[    0.005622] pid_max: default: 32768 minimum: 301
[    0.008024] Security Framework initialized
[    0.008829] Yama: becoming mindful.
[    0.009541] AppArmor: AppArmor initialized
[    0.012000] Dentry cache hash table entries: 131072 (order: 8, 1048576 bytes)
[    0.012055] Inode-cache hash table entries: 65536 (order: 7, 524288 bytes)
[    0.016011] Mount-cache hash table entries: 2048 (order: 2, 16384 bytes)
[    0.017274] Mountpoint-cache hash table entries: 2048 (order: 2, 16384 bytes)
[    0.018800] mce: CPU supports 0 MCE banks
[    0.019612] Last level iTLB entries: 4KB 64, 2MB 8, 4MB 8
[    0.020001] Last level dTLB entries: 4KB 64, 2MB 0, 4MB 0, 1GB 4
[    0.021141] Spectre V2 : Mitigation: Full generic retpoline
[    0.022257] Spectre V2 : Spectre v2 / SpectreRSB mitigation: Filling RSB on context switch
[    0.024001] Speculative Store Bypass: Vulnerable
[    0.024954] MDS: Mitigation: Clear CPU buffers
[    0.025935] Freeing SMP alternatives memory: 36K
[    0.032000] smpboot: CPU0: Intel(R) Core(TM) i5-8259U CPU @ 2.30GHz (family: 0x6, model: 0x8e, stepping: 0xa)
[    0.032000] Performance Events: unsupported p6 CPU model 142 no PMU driver, software events only.
[    0.032057] Hierarchical SRCU implementation.
[    0.036069] NMI watchdog: Perf event create on CPU 0 failed with -2
[    0.038029] NMI watchdog: Perf NMI watchdog permanently disabled
[    0.039781] smp: Bringing up secondary CPUs ...
[    0.040129] x86: Booting SMP configuration:
[    0.041303] .... node  #0, CPUs:      #1
[    0.004000] kvm-clock: cpu 1, msr 0:3ff44041, secondary cpu clock
[    0.004000] mce: CPU supports 0 MCE banks
[    0.048028] smp: Brought up 1 node, 2 CPUs
[    0.048971] smpboot: Max logical packages: 1
[    0.050038] smpboot: Total of 2 processors activated (9216.00 BogoMIPS)
[    0.052024] devtmpfs: initialized
[    0.052881] x86/mm: Memory block size: 128MB
[    0.054549] evm: security.selinux
[    0.055607] evm: security.SMACK64
[    0.056006] evm: security.SMACK64EXEC
[    0.057011] evm: security.SMACK64TRANSMUTE
[    0.058153] evm: security.SMACK64MMAP
[    0.059003] evm: security.apparmor
[    0.060004] evm: security.ima
[    0.060641] evm: security.capability
[    0.061442] clocksource: jiffies: mask: 0xffffffff max_cycles: 0xffffffff, max_idle_ns: 7645041785100000 ns
[    0.061976] futex hash table entries: 512 (order: 3, 32768 bytes)
[    0.064064] pinctrl core: initialized pinctrl subsystem
[    0.068024] RTC time:  8:55:10, date: 09/18/19
[    0.069134] NET: Registered protocol family 16
[    0.070441] audit: initializing netlink subsys (disabled)
[    0.072151] audit: type=2000 audit(1568796915.097:1): state=initialized audit_enabled=0 res=1
[    0.074183] cpuidle: using governor ladder
[    0.076011] cpuidle: using governor menu
[    0.076904] ACPI: bus type PCI registered
[    0.077753] acpiphp: ACPI Hot Plug PCI Controller Driver version: 0.5
[    0.079184] PCI: Using configuration type 1 for base access
[    0.081058] HugeTLB registered 2.00 MiB pge size, pre-allocated 0 pages
[    0.088118] ACPI: Added _OSI(Module Device)
[    0.089650] ACPI: Added _OSI(Processor Device)
[    0.091382] ACPI: Added _OSI(3.0 _SCP Extensions)
[    0.092010] ACPI: Added _OSI(Processor Aggregator Device)
[    0.093554] ACPI: Added _OSI(Linux-Dell-Video)
[    0.094466] ACPI: Added _OSI(Linux-Lenovo-NV-HDMI-Audio)
[    0.096017] ACPI: Added _OSI(Linux-HPI-Hybrid-Graphics)
[    0.098066] ACPI: Executed 1 blocks of module-level executable AML code
[    0.104007] ACPI: Interpreter enabled
[    0.105063] ACPI: (supports S0 S5)
[    0.105928] ACPI: Using IOAPIC for interrupt routing
[    0.107292] PCI: Using host bridge windows from ACPI; if necessary, use "pci=nocrs" and report a bug
[    0.108254] ACPI: Enabled 2 GPEs in block 00 to 07
[    0.118427] ACPI: PCI Root Bridge [PCI0] (domain 0000 [bus 00-ff])
[    0.120017] acpi PNP0A03:00: _OSC: OS supports [ASPM ClockPM Segments MSI]
[    0.122984] acpi PNP0A03:00: _OSC: not requesting OS control; OS requires [ExtendedConfig ASPM ClockPM MSI]
[    0.124020] acpi PNP0A03:00: fail to add MMCONFIG information, can't access extended PCI configuration space under this bridge.
[    0.128584] PCI host bridge to bus 0000:00
[    0.129687] pci_bus 0000:00: root bus resource [io  0x0000-0x0cf7 window]
[    0.132006] pci_bus 0000:00: root bus resource [io  0x0d00-0xffff window]
[    0.133538] pci_bus 0000:00: root bus resource [mem 0x000a0000-0x000bffff window]
[    0.136003] pci_bus 0000:00: root bus resource [mem 0x40000000-0xfdffffff window]
[    0.137692] pci_bus 0000:00: root bus resource [bus 00-ff]
[    0.142719] pci 0000:00:01.1: legacy IDE quirk: reg 0x10: [io  0x01f0-0x01f7]
[    0.144004] pci 0000:00:01.1: legacy IDE quirk: reg 0x14: [io  0x03f6]
[    0.145294] pci 0000:00:01.1: legacy IDE quirk: reg 0x18: [io  0x0170-0x0177]
[    0.147216] pci 0000:00:01.1: legacy IDE quirk: reg 0x1c: [io  0x0376]
[    0.164238] pci 0000:00:07.0: quirk: [io  0x4000-0x403f] claimed by PIIX4 ACPI
[    0.166307] pci 0000:00:07.0: quirk: [io  0x4100-0x410f] claimed by PIIX4 SMB
[    0.174670] ACPI: PCI Interrupt Link [LNKA] (IRQs 5 9 10 *11)
[    0.176616] ACPI: PCI Interrupt Link [LNKB] (IRQs 5 9 *10 11)
[    0.178256] ACPI: PCI Interrupt Link [LNKC] (IRQs 5 *9 10 11)
[    0.180089] ACPI: PCI Interrupt Link [LNKD] (IRQs 5 9 10 *11)
[    0.181893] SCSI subsystem initialized
[    0.182923] pci 0000:00:02.0: vgaarb: setting as boot VGA device
[    0.182923] pci 0000:00:02.0: vgaarb: VGA device added: decodes=io+mem,owns=io+mem,locks=none
[    0.184020] pci 0000:00:02.0: vgaarb: bridge control possible
[    0.188007] vgaarb: loaded
[    0.188961] ACPI: bus type USB registered
[    0.192042] usbcore: registered new interface driver usbfs
[    0.193754] usbcore: registered new interface driver hub
[    0.195202] usbcore: registered new device driver usb
[    0.196071] EDAC MC: Ver: 3.0.0
[    0.197240] PCI: Using ACPI for IRQ routing
[    0.200093] NetLabel: Initializing
[    0.200833] NetLabel:  domain hash size = 128
[    0.201782] NetLabel:  protocols = UNLABELED CIPSOv4 CALIPSO
[    0.202983] NetLabel:  unlabeled traffic allowed by default
[    0.204077] clocksource: Switched to clocksource kvm-clock
[    0.218275] VFS: Disk quotas dquot_6.6.0
[    0.219211] VFS: Dquot-cache hash table entries: 512 (order 0, 4096 bytes)
[    0.220949] AppArmor: AppArmor Filesystem Enabled
[    0.221955] pnp: PnP ACPI init
[    0.224044] pnp: PnP ACPI: found 3 devices
[    0.235285] clocksource: acpi_pm: mask: 0xffffff max_cycles: 0xffffff, max_idle_ns: 2085701024 ns
[    0.237318] NET: Registered protocol family 2
[    0.240154] TCP established hash table entries: 8192 (order: 4, 65536 bytes)
[    0.241558] TCP bind hash table entries: 8192 (order: 5, 131072 bytes)
[    0.243318] TCP: Hash tables configured (established 8192 bind 8192)
[    0.244647] UDP hash table entries: 512 (order: 2, 16384 bytes)
[    0.245845] UDP-Lite hash table entries: 512 (order: 2, 16384 bytes)
[    0.247347] NET: Registered protocol family 1
[    0.248464] pci 0000:00:00.0: Limiting direct PCI/PCI transfers
[    0.249790] pci 0000:00:01.0: Activating ISA DMA hang workarounds
[    0.251264] pci 0000:00:02.0: Video device with shadowed ROM at [mem 0x000c0000-0x000dffff]
[    0.253189] Unpacking initramfs...
[    0.510950] Freeing initrd memory: 19128K
[    0.512407] clocksource: tsc: mask: 0xffffffffffffffff max_cycles: 0x2135f7c97c8, max_idle_ns: 440795273205 ns
[    0.514735] platform rtc_cmos: registered platform RTC device (no PNP device found)
[    0.516287] Scanning for low memory corruption every 60 seconds
[    0.517912] Initialise system trusted keyrings
[    0.519285] Key type blacklist registered
[    0.520172] workingset: timestamp_bits=36 max_order=18 bucket_order=0
[    0.522243] zbud: loaded
[    0.523493] squashfs: version 4.0 (2009/01/31) Phillip Lougher
[    0.524839] fuse init (API version 7.26)
[    0.527914] Key type asymmetric registered
[    0.528779] Asymmetric key parser 'x509' registered
[    0.530043] Block layer SCSI generic (bsg) driver version 0.4 loaded (major 246)
[    0.531588] io scheduler noop registered
[    0.532559] io scheduler deadline registered
[    0.533441] io scheduler cfq registered (default)
[    0.534802] ACPI: AC Adapter [AC] (on-line)
[    0.536101] input: Power Button as /devices/LNXSYSTM:00/LNXPWRBN:00/input/input0
[    0.537811] ACPI: Power Button [PWRF]
[    0.538619] input: Sleep Button as /devices/LNXSYSTM:00/LNXSLPBN:00/input/input1
[    0.540526] ACPI: Sleep Button [SLPF]
[    0.542569] ACPI: Battery Slot [BAT0] (battery present)
[    0.543986] Serial: 8250/16550 driver, 32 ports, IRQ sharing enabled
[    0.567638] 00:02: ttyS0 at I/O 0x3f8 (irq = 4, base_baud = 115200) is a 16550A
[    0.573204] Linux agpgart interface v0.103
[    0.575426] loop: module loaded
[    0.576630] scsi host0: ata_piix
[    0.577409] scsi host1: ata_piix
[    0.578106] ata1: PATA max UDMA/33 cmd 0x1f0 ctl 0x3f6 bmdma 0xd000 irq 14
[    0.579505] ata2: PATA max UDMA/33 cmd 0x170 ctl 0x376 bmdma 0xd008 irq 15
[    0.581240] libphy: Fixed MDIO Bus: probed
[    0.582093] tun: Universal TUN/TAP device driver, 1.6
[    0.583240] PPP generic driver version 2.4.2
[    0.584564] ehci_hcd: USB 2.0 'Enhanced' Host Controller (EHCI) Driver
[    0.585856] ehci-pci: EHCI PCI platform driver
[    0.586765] ehci-platform: EHCI generic platform driver
[    0.587817] ohci_hcd: USB 1.1 'Open' Host Controller (OHCI) Driver
[    0.589121] ohci-pci: OHCI PCI platform driver
[    0.590005] ohci-platform: OHCI generic platform driver
[    0.591024] uhci_hcd: USB Universal Host Controller Interface driver
[    0.592318] i8042: PNP: PS/2 Controller [PNP0303:PS2K,PNP0f03:PS2M] at 0x60,0x64 irq 1,12
[    0.594706] serio: i8042 KBD port at 0x60,0x64 irq 1
[    0.595710] serio: i8042 AUX port at 0x60,0x64 irq 12
[    0.597279] mousedev: PS/2 mouse device common for all mice
[    0.599436] input: AT Translated Set 2 keyboard as /devices/platform/i8042/serio0/input/input2
[    0.601422] rtc_cmos rtc_cmos: rtc core: registered rtc_cmos as rtc0
[    0.602713] rtc_cmos rtc_cmos: alarms up to one day, 114 bytes nvram
[    0.603956] i2c /dev entries driver
[    0.604758] device-mapper: uevent: version 1.0.3
[    0.605761] device-mapper: ioctl: 4.37.0-ioctl (2017-09-20) initialised: dm-devel@redhat.com
[    0.607468] ledtrig-cpu: registered to indicate activity on CPUs
[    0.609244] NET: Registered protocol family 10
[    0.614177] Segment Routing with IPv6
[    0.615014] NET: Registered protocol family 17
[    0.615999] Key type dns_resolver registered
[    0.617107] RAS: Correctable Errors collector initialized.
[    0.618232] sched_clock: Marking stable (617076920, 0)->(924060248, -306983328)
[    0.620267] registered taskstats version 1
[    0.621159] Loading compiled-in X.509 certificates
[    0.623996] Loaded X.509 cert 'Build time autogenerated kernel key: 1cc14bc8298a06d551159822c55fa35abd77a621'
[    0.626030] zswap: loaded using pool lzo/zbud
[    0.629861] Key type big_key registered
[    0.630652] Key type trusted registered
[    0.632738] Key type encrypted registered
[    0.633539] AppArmor: AppArmor sha1 policy hashing enabled
[    0.634793] ima: No TPM chip found, activating TPM-bypass! (rc=-19)
[    0.636358] ima: Allocated hash algorithm: sha1
[    0.637279] evm: HMAC attrs: 0x1
[    0.638210]   Magic number: 3:110:928
[    0.639059] rtc_cmos rtc_cmos: setting system clock to 2019-09-18 08:55:10 UTC (1568796910)
[    0.640832] BIOS EDD facility v0.16 2004-Jun-25, 0 devices found
[    0.642020] EDD information not available.
[    0.744643] Freeing unused kernel image memory: 2408K
[    0.756624] Write protecting the kernel read-only data: 20480k
[    0.759915] Freeing unused kernel image memory: 2008K
[    0.761469] Freeing unused kernel image memory: 1872K
[    0.767703] x86/mm: Checked W+X mappings: passed, no W+X pages found.
[    0.769117] x86/mm: Checking user space page tables
[    0.774973] x86/mm: Checked W+X mappings: passed, no W+X pages found.
Loading, please wait...
starting version 237
[    0.827502] e1000: Intel(R) PRO/1000 Network Driver - version 7.3.21-k8-NAPI
[    0.829342] e1000: Copyright (c) 1999-2006 Intel Corporation.
[    0.839800] Fusion MPT base driver 3.04.20
[    0.841374] Copyright (c) 1999-2008 LSI Corporation
[    0.858910] AVX2 version of gcm_enc/dec engaged.
[    0.860341] AES CTR mode by8 optimization enabled
[    0.864638] Fusion MPT SPI Host driver 3.04.20
[    1.046812] input: ImExPS/2 Generic Explorer Mouse as /devices/platform/i8042/serio1/input/input4
[    1.233781] e1000 0000:00:03.0 eth0: (PCI:33MHz:32-bit) 02:26:45:5c:bc:af
[    1.235712] e1000 0000:00:03.0 eth0: Intel(R) PRO/1000 Network Connection
[    1.237871] mptbase: ioc0: Initiating bringup
[    1.237921] e1000 0000:00:03.0 enp0s3: renamed from eth0
[    1.332283] ioc0: LSI53C1030 A0: Capabilities={Initiator}
[    1.582476] scsi host2: ioc0: LSI53C1030 A0, FwRev=00000000h, Ports=1, MaxQ=256, IRQ=20
[    1.753321] scsi 2:0:0:0: Direct-Access     VBOX     HARDDISK         1.0  PQ: 0 ANSI: 5
[    2.458931] scsi target2:0:0: Beginning Domain Validation
[    2.461865] scsi target2:0:0: Domain Validation skipping write tests
[    2.463612] scsi target2:0:0: Ending Domain Validation
[    2.464889] scsi target2:0:0: asynchronous
[    2.466172] scsi 2:0:1:0: Direct-Access     VBOX     HARDDISK         1.0  PQ: 0 ANSI: 5
[    2.648856] scsi target2:0:1: Beginning Domain Validation
[    2.651340] random: fast init done
[    2.652376] scsi target2:0:1: Domain Validation skipping write tests
[    2.653996] scsi target2:0:1: Ending Domain Validation
[    2.655339] scsi target2:0:1: asynchronous
[    2.660196] random: systemd-udevd: uninitialized urandom read (16 bytes read)
[    2.660373] sd 2:0:0:0: Attached scsi generic sg0 type 0
[    2.660496] sd 2:0:0:0: [sda] 20971520 512-byte logical blocks: (10.7 GB/10.0 GiB)
[    2.660557] sd 2:0:0:0: [sda] Write Protect is off
[    2.660680] sd 2:0:0:0: [sda] Incomplete mode parameter data
[    2.660681] sd 2:0:0:0: [sda] Assuming drive cache: write through
[    2.660860] sd 2:0:1:0: Attached scsi generic sg1 type 0
[    2.661078] sd 2:0:1:0: [sdb] 20480 512-byte logical blocks: (10.5 MB/10.0 MiB)
[    2.661135] sd 2:0:1:0: [sdb] Write Protect is off
[    2.661297] sd 2:0:1:0: [sdb] Incomplete mode parameter data
[    2.661298] sd 2:0:1:0: [sdb] Assuming drive cache: write through
[    2.662090]  sda: sda1
[    2.662549] sd 2:0:0:0: [sda] Attached SCSI disk
[    2.663603] sd 2:0:1:0: [sdb] Attached SCSI disk
[    2.678536] random: systemd-udevd: uninitialized urandom read (16 bytes read)
[    2.680566] random: systemd-udevd: uninitialized urandom read (16 bytes read)
Begin: Loading essential drivers ... [    4.080227] raid6: sse2x1   gen() 12443 MB/s
[    4.128158] raid6: sse2x1   xor()  9113 MB/s
[    4.176158] raid6: sse2x2   gen() 15527 MB/s
[    4.224175] raid6: sse2x2   xor() 10408 MB/s
[    4.272109] raid6: sse2x4   gen() 17839 MB/s
[    4.320215] raid6: sse2x4   xor() 11053 MB/s
[    4.368216] raid6: avx2x1   gen() 24873 MB/s
[    4.416447] raid6: avx2x1   xor() 17021 MB/s
[    4.464129] raid6: avx2x2   gen() 30720 MB/s
[    4.512205] raid6: avx2x2   xor() 18914 MB/s
[    4.560220] raid6: avx2x4   gen() 33422 MB/s
[    4.608463] raid6: avx2x4   xor() 20160 MB/s
[    4.610101] raid6: using algorithm avx2x4 gen() 33422 MB/s
[    4.611877] raid6: .... xor() 20160 MB/s, rmw enabled
[    4.613570] raid6: using avx2x2 recovery algorithm
[    4.615894] xor: automatically using best checksumming function   avx       
[    4.618399] async_tx: api initialized (async)
done.
Begin: Running /scripts/init-premount ... done.
Begin: Mounting root file system ... Begin: Running /scripts/local-top ... done.
Begin: Running /scripts/local-premount ... [    4.660105] Btrfs loaded, crc32c=crc32c-intel
Scanning for Btrfs filesystems
done.
Warning: fsck not present, so skipping root file system
[    4.685429] EXT4-fs (sda1): mounted filesystem with ordered data mode. Opts: (null)
done.
Begin: Running /scripts/local-bottom ... done.
Begin: Running /scripts/init-bottom ... done.
[    4.845807] ip_tables: (C) 2000-2006 Netfilter Core Team
[    4.853554] systemd[1]: systemd 237 running in system mode. (+PAM +AUDIT +SELINUX +IMA +APPARMOR +SMACK +SYSVINIT +UTMP +LIBCRYPTSETUP +GCRYPT +GNUTLS +ACL +XZ +LZ4 +SECCOMP +BLKID +ELFUTILS +KMOD -IDN2 +IDN -PCRE2 default-hierarchy=hybrid)
[    4.857761] systemd[1]: Detected virtualization oracle.
[    4.858817] systemd[1]: Detected architecture x86-64.

Welcome to [1mUbuntu 18.04.2 LTS[0m!

[    4.877883] systemd[1]: Set hostname to <ubuntu>.
[    4.884189] systemd[1]: Initializing machine ID from random generator.
[    4.885909] systemd[1]: Installed transient /etc/machine-id file.
[    5.132433] systemd[1]: Reached target User and Group Name Lookups.
[[0;32m  OK  [0m] Reached target User and Group Name Lookups.
[    5.135964] systemd[1]: Created slice User and Session Slice.
[[0;32m  OK  [0m] Created slice User and Session Slice.
[    5.138331] systemd[1]: Created slice System Slice.
[[0;32m  OK  [0m] Created slice System Slice.
[    5.140092] systemd[1]: Created slice system-serial\x2dgetty.slice.
[[0;32m  OK  [0m] Created slice system-serial\x2dgetty.slice.
[[0;32m  OK  [0m] Listening on Network Service Netlink Socket.
[[0;32m  OK  [0m] Listening on Journal Socket.
         Mounting POSIX Message Queue File System...
         Starting Uncomplicated firewall...
[[0;32m  OK  [0m] Listening on Journal Audit Socket.
[[0;32m  OK  [0m] Reached target System Time Synchronized.
[[0;32m  OK  [0m] Reached target Slices.
[[0;32m  OK  [0m] Listening on udev Kernel Socket.
         Mounting Huge Pages File System...
[[0;32m  OK  [0m] Reached target Swap.
[[0;32m  OK  [0m] Listening on Device-mapper event daemon FIFOs.
         Starting Remount Root and Kernel File Systems...
[[0;32m  OK  [0m] Listening on LVM2 metadata daemon socket.
         Starting Load Kernel Modules...
[    5.170454] EXT4-fs (sda1): re-mounted. Opts: (null)
[[0;32m  OK  [0m] Listening on Journal Socket (/dev/log).
[[0;32m  OK  [0m] Started Forward Password Requests to Wall Directory Watch.
         Starting Monitoring of LVM2 mirrors…ng dmeventd or progress polling...
         Starting Set the console keyboard layout...
[    5.183249] Loading iSCSI transport class v2.0-870.
[    5.188870] iscsi: registered transport (tcp)
[[0;32m  OK  [0m] Listening on udev Control Socket.
         Starting udev Coldplug all Devices...
         Starting Create list of required st…ce nodes for the current kernel...
[[0;32m  OK  [0m] Set up automount Arbitrary Executab…rmats File System Automount Point.
[[0;32m  OK  [0m] Listening on /dev/initctl Compatibility Named Pipe.
[[0;32m  OK  [0m] Listening on Syslog Socket.
         Starting Journal Service...
[    5.279213] iscsi: registered transport (iser)
[[0;32m  OK  [0m] Listening on LVM2 poll daemon socket.
         Mounting Kernel Debug File System...
[[0;32m  OK  [0m] Mounted POSIX Message Queue File System.
[[0;32m  OK  [0m] Started Uncomplicated firewall.
[[0;32m  OK  [0m] Mounted Huge Pages File System.
[[0;32m  OK  [0m] Started Remount Root and Kernel File Systems.
[[0;32m  OK  [0m] Started Load Kernel Modules.
[[0;32m  OK  [0m] Started Create list of required sta…vice nodes for the current kernel.
[[0;32m  OK  [0m] Mounted Kernel Debug File System.
[[0;32m  OK  [0m] Started LVM2 metadata daemon.
         Starting Create Static Device Nodes in /dev...
         Mounting FUSE Control File System...
         Mounting Kernel Configuration File System...
         Starting Apply Kernel Variables...
         Starting Load/Save Random Seed...
[[0;32m  OK  [0m] Started Journal Service.
[[0;32m  OK  [0m] Started Monitoring of LVM2 mirrors,…sing dmeventd or progress polling.
[[0;32m  OK  [0m] Started Set the console keyboard layout.
[[0;32m  OK  [0m] Started udev Coldplug all Devices.
[[0;32m  OK  [0m] Mounted FUSE Control File System.
[[0;32m  OK  [0m] Started Create Static Device Nodes in /dev.
[[0;32m  OK  [0m] Mounted Kernel Configuration File System.
[[0;32m  OK  [0m] Started Apply Kernel Variables.
[[0;32m  OK  [0m] Started Load/Save Random Seed.
         Starting udev Kernel Device Manager...
[[0;32m  OK  [0m] Reached target Local File Systems (Pre).
[[0;32m  OK  [0m] Reached target Local File Systems.
         Starting ebtables ruleset management...
         Starting Set console font and keymap...
         Starting Commit a transient machine-id on disk...
         Starting AppArmor initialization...
         Starting Tell Plymouth To Write Out Runtime Data...
         Starting Flush Journal to Persistent Storage...
[[0;32m  OK  [0m] Started udev Kernel Device Manager.
[[0;32m  OK  [0m] Started Dispatch Password Requests to Console Directory Watch.
[[0;32m  OK  [0m] Reached target Local Encrypted Volumes.
[[0;32m  OK  [0m] Started Set console font and keymap.
[[0;32m  OK  [0m] Started Tell Plymouth To Write Out Runtime Data.
[[0;32m  OK  [0m] Started Commit a transient machine-id on disk.
[[0;32m  OK  [0m] Started ebtables ruleset management.
[[0;32m  OK  [0m] Started Flush Journal to Persistent Storage.
         Starting Create Volatile Files and Directories...
[[0;32m  OK  [0m] Started Create Volatile Files and Directories.
         Starting Update UTMP about System Boot/Shutdown...
[[0;32m  OK  [0m] Started Update UTMP about System Boot/Shutdown.
[[0;32m  OK  [0m] Found device /dev/ttyS0.
[[0;32m  OK  [0m] Listening on Load/Save RF Kill Switch Status /dev/rfkill Watch.
[[0;32m  OK  [0m] Started AppArmor initialization.
         Starting Initial cloud-init job (pre-networking)...
[    7.201411] cloud-init[545]: Cloud-init v. 19.1-1-gbaa47854-0ubuntu1~18.04.1 running 'init-local' at Wed, 18 Sep 2019 08:55:16 +0000. Up 6.89 seconds.
[[0;32m  OK  [0m] Started Initial cloud-init job (pre-networking).
[[0;32m  OK  [0m] Reached target Network (Pre).
         Starting Network Service...
[[0;32m  OK  [0m] Started Network Service.
         Starting Network Name Resolution...
         Starting Wait for Network to be Configured...
[[0;32m  OK  [0m] Started Network Name Resolution.
[[0;32m  OK  [0m] Reached target Network.
[[0;32m  OK  [0m] Reached target Host and Network Name Lookups.
[[0;32m  OK  [0m] Started Wait for Network to be Configured.
         Starting Initial cloud-init job (metadata service crawler)...
[    9.648381] cloud-init[647]: Cloud-init v. 19.1-1-gbaa47854-0ubuntu1~18.04.1 running 'init' at Wed, 18 Sep 2019 08:55:19 +0000. Up 9.53 seconds.
[    9.650275] cloud-init[647]: ci-info: ++++++++++++++++++++++++++++++++++++++Net device info++++++++++++++++++++++++++++++++++++++
[    9.652343] cloud-init[647]: ci-info: +--------+------+----------------------------+---------------+--------+-------------------+
[    9.664213] cloud-init[647]: ci-info: | Device |  Up  |          Address           |      Mask     | Scope  |     Hw-Address    |
[    9.665709] cloud-init[647]: ci-info: +--------+------+----------------------------+---------------+--------+-------------------+
[    9.667598] cloud-init[647]: ci-info: | enp0s3 | True |         10.0.2.15          | 255.255.255.0 | global | 02:26:45:5c:bc:af |
[    9.669507] cloud-init[647]: ci-info: | enp0s3 | True | fe80::26:45ff:fe5c:bcaf/64 |       .       |  link  | 02:26:45:5c:bc:af |
[    9.670756] cloud-init[647]: ci-info: |   lo   | True |         127.0.0.1          |   255.0.0.0   |  host  |         .         |
[    9.672678] cloud-init[647]: ci-info: |   lo   | True |          ::1/128           |       .       |  host  |         .         |
[    9.674505] cloud-init[647]: ci-info: +--------+------+----------------------------+---------------+--------+-------------------+
[    9.676286] cloud-init[647]: ci-info: ++++++++++++++++++++++++++++Route IPv4 info+++++++++++++++++++++++++++++
[    9.677954] cloud-init[647]: ci-info: +-------+-------------+----------+-----------------+-----------+-------+
[    9.679908] cloud-init[647]: ci-info: | Route | Destination | Gateway  |     Genmask     | Interface | Flags |
[    9.681300] cloud-init[647]: ci-info: +-------+-------------+----------+-----------------+-----------+-------+
[    9.682994] cloud-init[647]: ci-info: |   0   |   0.0.0.0   | 10.0.2.2 |     0.0.0.0     |   enp0s3  |   UG  |
[    9.684694] cloud-init[647]: ci-info: |   1   |   10.0.2.0  | 0.0.0.0  |  255.255.255.0  |   enp0s3  |   U   |
[    9.686334] cloud-init[647]: ci-info: |   2   |   10.0.2.2  | 0.0.0.0  | 255.255.255.255 |   enp0s3  |   UH  |
[    9.687974] cloud-init[647]: ci-info: +-------+-------------+----------+-----------------+-----------+-------+
[    9.689626] cloud-init[647]: ci-info: +++++++++++++++++++Route IPv6 info+++++++++++++++++++
[    9.691001] cloud-init[647]: ci-info: +-------+-------------+---------+-----------+-------+
[    9.692406] cloud-init[647]: ci-info: | Route | Destination | Gateway | Interface | Flags |
[    9.693795] cloud-init[647]: ci-info: +-------+-------------+---------+-----------+-------+
[    9.695167] cloud-init[647]: ci-info: |   1   |  fe80::/64  |    ::   |   enp0s3  |   U   |
[    9.696705] cloud-init[647]: ci-info: |   3   |    local    |    ::   |   enp0s3  |   U   |
[    9.698012] cloud-init[647]: ci-info: |   4   |   ff00::/8  |    ::   |   enp0s3  |   U   |
[    9.699501] cloud-init[647]: ci-info: +-------+-------------+---------+-----------+-------+
[   11.443353] cloud-init[647]: Generating public/private rsa key pair.
[   11.444506] cloud-init[647]: Your identification has been saved in /etc/ssh/ssh_host_rsa_key.
[   11.446590] cloud-init[647]: Your public key has been saved in /etc/ssh/ssh_host_rsa_key.pub.
[   11.448457] cloud-init[647]: The key fingerprint is:
[   11.449510] cloud-init[647]: SHA256:irNSlzW3lbvDokKKvyVAbPp97rN2R3i0P6T6U9SYEm0 root@ubuntu-bionic
[   11.451452] cloud-init[647]: The key's randomart image is:
[   11.452760] cloud-init[647]: +---[RSA 2048]----+
[   11.453786] cloud-init[647]: |           .     |
[   11.454791] cloud-init[647]: | .        . E    |
[   11.455762] cloud-init[647]: |  +        o =   |
[   11.464270] cloud-init[647]: | +      o + * .  |
[   11.465803] cloud-init[647]: |. .    oS= * .   |
[   11.466763] cloud-init[647]: | . o..+.. = +    |
[   11.467657] cloud-init[647]: |  .o=++  o * .   |
[   11.468684] cloud-init[647]: |  o .B+ . = *    |
[   11.469786] cloud-init[647]: |   o+++=o=.o o   |
[   11.470781] cloud-init[647]: +----[SHA256]-----+
[   11.471894] cloud-init[647]: Generating public/private dsa key pair.
[   11.473189] cloud-init[647]: Your identification has been saved in /etc/ssh/ssh_host_dsa_key.
[   11.475058] cloud-init[647]: Your public key has been saved in /etc/ssh/ssh_host_dsa_key.pub.
[   11.476800] cloud-init[647]: The key fingerprint is:
[   11.477878] cloud-init[647]: SHA256:qQTNP+SsaWlbnOjP3wfKH5FJvdBg4V1kGSocvrnai30 root@ubuntu-bionic
[   11.480075] cloud-init[647]: The key's randomart image is:
[   11.481152] cloud-init[647]: +---[DSA 1024]----+
[   11.482115] cloud-init[647]: |           .+. o*|
[   11.482958] cloud-init[647]: |     o    oo.=.+ |
[   11.492707] cloud-init[647]: |    . o .  ++.+  |
[   11.493601] cloud-init[647]: |     . = . .++ . |
[   11.494546] cloud-init[647]: |      . S  o+ .  |
[   11.504603] cloud-init[647]: |     . B o  o.   |
[   11.507324] cloud-init[647]: |      O +. o..   |
[   11.508169] cloud-init[647]: |     + +  B. E.  |
[   11.508998] cloud-init[647]: |      o.o+.==.   |
[   11.520296] cloud-init[647]: +----[SHA256]-----+
[   11.521509] cloud-init[647]: Generating public/private ecdsa key pair.
[   11.523223] cloud-init[647]: Your identification has been saved in /etc/ssh/ssh_host_ecdsa_key.
[   11.525492] cloud-init[647]: Your public key has been saved in /etc/ssh/ssh_host_ecdsa_key.pub.
[   11.527180] cloud-init[647]: The key fingerprint is:
[   11.528314] cloud-init[647]: SHA256:kkeH9yUeZxHku6Syuga4n/kkV0tQhfhAclM+FB9JIrI root@ubuntu-bionic
[   11.529987] cloud-init[647]: The key's randomart image is:
[   11.531843] cloud-init[647]: +---[ECDSA 256]---+
[   11.533082] cloud-init[647]: |      o.=o*=+o+. |
[   11.534299] cloud-init[647]: |       =oB.o.o . |
[   11.535257] cloud-init[647]: |      E +o= + =  |
[   11.536490] cloud-init[647]: |       o +.+ * . |
[   11.537793] cloud-init[647]: |     .o S o o o  |
[   11.538993] cloud-init[647]: |    . .o o . o . |
[   11.540254] cloud-init[647]: |     ...o o . .  |
[   11.541290] cloud-init[647]: |    .  *.  o     |
[   11.542079] cloud-init[647]: |     .+o+o.      |
[   11.543116] cloud-init[647]: +----[SHA256]-----+
[   11.544486] cloud-init[647]: Generating public/private ed25519 key pair.
[   11.546710] cloud-init[647]: Your identification has been saved in /etc/ssh/ssh_host_ed25519_key.
[   11.548855] cloud-init[647]: Your public key has been saved in /etc/ssh/ssh_host_ed25519_key.pub.
[   11.561741] cloud-init[647]: The key fingerprint is:
[   11.562893] cloud-init[647]: SHA256:aYCUAgOmUb86XmpwHqo1erMovOZdcpCn5bX99J2QO/A root@ubuntu-bionic
[   11.565111] cloud-init[647]: The key's randomart image is:
[   11.566174] cloud-init[647]: +--[ED25519 256]--+
[   11.566940] cloud-init[647]: |*+. ..           |
[   11.567863] cloud-init[647]: |oo.o..           |
[   11.568717] cloud-init[647]: |.  .o .          |
[   11.569595] cloud-init[647]: |    .. . .       |
[[   11.584271] cloud-init[647]: |   o.o .S        |
[   11.584369] cloud-init[647]: |. o.* ..o  .  .  |
[   11.585519] cloud-init[647]: |.==+.+ . . .oo   |
[   11.586340] cloud-init[647]: |oB*=+     o .E+ .|
[   11.587172] cloud-init[647]: |O==+       . o.o |
[   11.588007] cloud-init[647]: +----[SHA256]-----+
[0;32m  OK  [0m] Started Initial cloud-init job (metadata service crawler).
[[0;32m  OK  [0m] Reached target Cloud-config availability.
[[0;32m  OK  [0m] Reached target System Initialization.
[[0;32m  OK  [0m] Started Message of the Day.
[[0;32m  OK  [0m] Listening on Open-iSCSI iscsid Socket.
[[0;32m  OK  [0m] Listening on UUID daemon activation socket.
[[0;32m  OK  [0m] Started Daily apt download activities.
[[0;32m  OK  [0m] Listening on D-Bus System Message Bus Socket.
[[0;32m  OK  [0m] Started Daily Cleanup of Temporary Directories.
[[0;32m  OK  [0m] Listening on ACPID Listen Socket.
         Starting LXD - unix socket.
[[0;32m  OK  [0m] Started Discard unused blocks once a week.
[[0;32m  OK  [0m] Started Daily apt upgrade and clean activities.
[[0;32m  OK  [0m] Reached target Timers.
         Starting Socket activation for snappy daemon.
[[0;32m  OK  [0m] Started ACPI Events Check.
[[0;32m  OK  [0m] Reached target Paths.
[[0;32m  OK  [0m] Reached target Network is Online.
[[0;32m  OK  [0m] Reached target Remote File Systems (Pre).
[[0;32m  OK  [0m] Reached target Remote File Systems.
         Starting Availability of block devices...
[[0;32m  OK  [0m] Listening on LXD - unix socket.
[[0;32m  OK  [0m] Listening on Socket activation for snappy daemon.
[[0;32m  OK  [0m] Started Availability of block devices.
[[0;32m  OK  [0m] Reached target Sockets.
[[0;32m  OK  [0m] Reached target Basic System.
         Starting Pollinate to seed the pseudo random number generator...
         Starting Permit User Sessions...
         Starting LSB: automatic crash report generation...
         Starting LSB: Record successful boot for GRUB...
         Starting System Logging Service...
         Starting LXD - container startup/shutdown...
         Starting Login Service...
         Starting Dispatcher daemon for systemd-networkd...
[[0;32m  OK  [0m] Started D-Bus System Message Bus.
         Starting Virtualbox guest utils...
         Starting Snappy daemon...
         Starting Accounts Service...
[[0;32m  OK  [0m] Started FUSE filesystem for LXC.
[[0;32m  OK  [0m] Started Deferred execution scheduler.
[[0;32m  OK  [0m] Started Regular background program processing daemon.
[[0;32m  OK  [0m] Started irqbalance daemon.
[[0;32m  OK  [0m] Started System Logging Service.
[[0;32m  OK  [0m] Started Permit User Sessions.
[[0;32m  OK  [0m] Started LXD - container startup/shutdown.
[[0;32m  OK  [0m] Started Login Service.
         Starting Authorization Manager...
[[0;32m  OK  [0m] Started Unattended Upgrades Shutdown.
         Starting Hold until boot process finishes up...
         Starting Terminate Plymouth Boot Screen...
[[0;32m  OK  [0m] Started Hold until boot process finishes up.
[[0;32m  OK  [0m] Started Terminate Plymouth Boot Screen.
         Starting Set console scheme...
[[0;32m  OK  [0m] Started Serial Getty on ttyS0.
[[0;32m  OK  [0m] Started LSB: automatic crash report generation.
[[0;32m  OK  [0m] Started Set console scheme.
[[0;32m  OK  [0m] Created slice system-getty.slice.
[[0;32m  OK  [0m] Started Getty on tty1.
[[0;32m  OK  [0m] Reached target Login Prompts.
[[0;32m  OK  [0m] Started Authorization Manager.
[[0;32m  OK  [0m] Started Accounts Service.
[[0;32m  OK  [0m] Started Dispatcher daemon for systemd-networkd.
[[0;32m  OK  [0m] Started LSB: Record successful boot for GRUB.
[[0;32m  OK  [0m] Started Virtualbox guest utils.
[[0;32m  OK  [0m] Started Snappy daemon.
         Starting Wait until snapd is fully seeded...
[[0;32m  OK  [0m] Started Pollinate to seed the pseudo random number generator.
         Starting OpenBSD Secure Shell server...
[[0;32m  OK  [0m] Started OpenBSD Secure Shell server.
[[0;32m  OK  [0m] Created slice User Slice of vagrant.
         Starting User Manager for UID 1000...
[[0;32m  OK  [0m] Started Session 1 of user vagrant.
[[0;32m  OK  [0m] Started User Manager for UID 1000.
[[0;32m  OK  [0m] Started Wait until snapd is fully seeded.
[[0;32m  OK  [0m] Reached target Multi-User System.
[[0;32m  OK  [0m] Reached target Graphical Interface.
         Starting Update UTMP about System Runlevel Changes...
         Starting Apply the settings specified in cloud-config...
[[0;32m  OK  [0m] Started Update UTMP about System Runlevel Changes.
         Stopping User Manager for UID 1000...
[[0;32m  OK  [0m] Stopped User Manager for UID 1000.
[[0;32m  OK  [0m] Removed slice User Slice of vagrant.
[   16.045025] cloud-init[1354]: Cloud-init v. 19.1-1-gbaa47854-0ubuntu1~18.04.1 running 'modules:config' at Wed, 18 Sep 2019 08:55:25 +0000. Up 15.63 seconds.
[[0;32m  OK  [0m] Started Apply the settings specified in cloud-config.
         Starting Execute cloud user/final scripts...
[[0;32m  OK  [0m] Created slice User Slice of vagrant.
         Starting User Manager for UID 1000...
[[0;32m  OK  [0m] Started Session 3 of user vagrant.
[[0;32m  OK  [0m] Started User Manager for UID 1000.
ci-info: no authorized ssh keys fingerprints found for user ubuntu.
<14>Sep 18 08:55:26 ec2: 
<14>Sep 18 08:55:26 ec2: #############################################################
<14>Sep 18 08:55:26 ec2: -----BEGIN SSH HOST KEY FINGERPRINTS-----
<14>Sep 18 08:55:26 ec2: 1024 SHA256:qQTNP+SsaWlbnOjP3wfKH5FJvdBg4V1kGSocvrnai30 root@ubuntu-bionic (DSA)
<14>Sep 18 08:55:26 ec2: 256 SHA256:kkeH9yUeZxHku6Syuga4n/kkV0tQhfhAclM+FB9JIrI root@ubuntu-bionic (ECDSA)
<14>Sep 18 08:55:26 ec2: 256 SHA256:aYCUAgOmUb86XmpwHqo1erMovOZdcpCn5bX99J2QO/A root@ubuntu-bionic (ED25519)
<14>Sep 18 08:55:26 ec2: 2048 SHA256:irNSlzW3lbvDokKKvyVAbPp97rN2R3i0P6T6U9SYEm0 root@ubuntu-bionic (RSA)
<14>Sep 18 08:55:26 ec2: -----END SSH HOST KEY FINGERPRINTS-----
<14>Sep 18 08:55:26 ec2: #############################################################
-----BEGIN SSH HOST KEY KEYS-----
ecdsa-sha2-nistp256 AAAAE2VjZHNhLXNoYTItbmlzdHAyNTYAAAAIbmlzdHAyNTYAAABBBGa924w1j4NWpTK48o54UNEM0TqeDxRVOuIhEzO3Sy9KROiSmLBkoyc6rjhLo8KiDGvmk7qH2Hy+zHGX3abz+mY= root@ubuntu-bionic
ssh-ed25519 AAAAC3NzaC1lZDI1NTE5AAAAIDh8HQvh2bdbzyk4pVaLCLK0Bo/rl5NaxyYZ/WNix4P/ root@ubuntu-bionic
ssh-rsa AAAAB3NzaC1yc2EAAAADAQABAAABAQDI9wXaEl3W+LAco7vWP9GnFzeV9Fn3ra/MvXc3XkLEiOE62IGW5fY1u+WK13Jo1Od5f2DYchXgzH3HUJRqCNDMsS5N3vhiiVHT814NsO1WfIht1TLVxClMQU958CWNbR+4Aya1H/epz4Po/1SbACHC6PIIhGgDOwayJk5Zt+Rw9Lp4JarQJP5Cxdt6Y1GvlllI/tSKVVapxuze1PAyTY+6Genj3ujW1Db44pFXyx9bxIgbvKE1lS8Fuk03wUmj9JQjRa+zHvVPOWADjPPOLXj3mdKHi1eJR/YW9IJE8KF/v1WsFx+o1IczuAHySYh0T2yDkxupp5IerCG6IDlGtcUF root@ubuntu-bionic
-----END SSH HOST KEY KEYS-----
[   16.547065] cloud-init[1556]: Cloud-init v. 19.1-1-gbaa47854-0ubuntu1~18.04.1 running 'modules:final' at Wed, 18 Sep 2019 08:55:26 +0000. Up 16.40 seconds.
[   16.560171] cloud-init[1556]: ci-info: no authorized ssh keys fingerprints found for user ubuntu.
[   16.572912] cloud-init[1556]: Cloud-init v. 19.1-1-gbaa47854-0ubuntu1~18.04.1 finished at Wed, 18 Sep 2019 08:55:26 +0000. Datasource DataSourceNoCloud [seed=/dev/sdb][dsmode=net].  Up 16.54 seconds
[[0;32m  OK  [0m] Started Execute cloud user/final scripts.
[[0;32m  OK  [0m] Reached target Cloud-init target.

Ubuntu 18.04.2 LTS ubuntu-bionic ttyS0

ubuntu-bionic login: 